
### 2011-01 (prev: 2010-12 / next: 2011-02)
Read files ESA_CCI_SNOW/dap.ceda.ac.uk/neodc/esacci/snow/data/scfg/MODIS/v2.0/2011/01/*-ESACCI-L3C_SNOW-SCFG-MODIS_TERRA-fv2.0.nc
Read files ESA_CCI_SNOW/dap.ceda.ac.uk/neodc/esacci/snow/data/scfg/MODIS/v2.0/2010/12/*-ESACCI-L3C_SNOW-SCFG-MODIS_TERRA-fv2.0.nc
 => Concatenate files [prev, current]
Read files ESA_CCI_SNOW/dap.ceda.ac.uk/neodc/esacci/snow/data/scfg/MODIS/v2.0/2011/02/*-ESACCI-L3C_SNOW-SCFG-MODIS_TERRA-fv2.0.nc
 => Concatenate files [concat, next]
 => Doing interpolation...
Interpolated file saved to ESA_CCI_SNOW/preprocess/scfg/MODIS/v2.0/daily/2011/201101-ESACCI-L3C_SNOW-SCFG-MODIS_TERRA-fv2.0_interp.nc
--- 1987.2058217525482 seconds ---

### 2011-02 (prev: 2011-01 / next: 2011-03)
Read files ESA_CCI_SNOW/dap.ceda.ac.uk/neodc/esacci/snow/data/scfg/MODIS/v2.0/2011/02/*-ESACCI-L3C_SNOW-SCFG-MODIS_TERRA-fv2.0.nc
Read files ESA_CCI_SNOW/dap.ceda.ac.uk/neodc/esacci/snow/data/scfg/MODIS/v2.0/2011/01/*-ESACCI-L3C_SNOW-SCFG-MODIS_TERRA-fv2.0.nc
 => Concatenate files [prev, current]
Read files ESA_CCI_SNOW/dap.ceda.ac.uk/neodc/esacci/snow/data/scfg/MODIS/v2.0/2011/03/*-ESACCI-L3C_SNOW-SCFG-MODIS_TERRA-fv2.0.nc
 => Concatenate files [concat, next]
 => Doing interpolation...
Interpolated file saved to ESA_CCI_SNOW/preprocess/scfg/MODIS/v2.0/daily/2011/201102-ESACCI-L3C_SNOW-SCFG-MODIS_TERRA-fv2.0_interp.nc
--- 1933.429630279541 seconds ---

### 2011-03 (prev: 2011-02 / next: 2011-04)
Read files ESA_CCI_SNOW/dap.ceda.ac.uk/neodc/esacci/snow/data/scfg/MODIS/v2.0/2011/03/*-ESACCI-L3C_SNOW-SCFG-MODIS_TERRA-fv2.0.nc
Read files ESA_CCI_SNOW/dap.ceda.ac.uk/neodc/esacci/snow/data/scfg/MODIS/v2.0/2011/02/*-ESACCI-L3C_SNOW-SCFG-MODIS_TERRA-fv2.0.nc
 => Concatenate files [prev, current]
Read files ESA_CCI_SNOW/dap.ceda.ac.uk/neodc/esacci/snow/data/scfg/MODIS/v2.0/2011/04/*-ESACCI-L3C_SNOW-SCFG-MODIS_TERRA-fv2.0.nc
 => Concatenate files [concat, next]
 => Doing interpolation...
Interpolated file saved to ESA_CCI_SNOW/preprocess/scfg/MODIS/v2.0/daily/2011/201103-ESACCI-L3C_SNOW-SCFG-MODIS_TERRA-fv2.0_interp.nc
--- 2045.3081362247467 seconds ---

### 2011-04 (prev: 2011-03 / next: 2011-05)
Read files ESA_CCI_SNOW/dap.ceda.ac.uk/neodc/esacci/snow/data/scfg/MODIS/v2.0/2011/04/*-ESACCI-L3C_SNOW-SCFG-MODIS_TERRA-fv2.0.nc
Read files ESA_CCI_SNOW/dap.ceda.ac.uk/neodc/esacci/snow/data/scfg/MODIS/v2.0/2011/03/*-ESACCI-L3C_SNOW-SCFG-MODIS_TERRA-fv2.0.nc
 => Concatenate files [prev, current]
Read files ESA_CCI_SNOW/dap.ceda.ac.uk/neodc/esacci/snow/data/scfg/MODIS/v2.0/2011/05/*-ESACCI-L3C_SNOW-SCFG-MODIS_TERRA-fv2.0.nc
 => Concatenate files [concat, next]
 => Doing interpolation...
Interpolated file saved to ESA_CCI_SNOW/preprocess/scfg/MODIS/v2.0/daily/2011/201104-ESACCI-L3C_SNOW-SCFG-MODIS_TERRA-fv2.0_interp.nc
--- 2012.3229615688324 seconds ---

### 2011-05 (prev: 2011-04 / next: 2011-06)
Read files ESA_CCI_SNOW/dap.ceda.ac.uk/neodc/esacci/snow/data/scfg/MODIS/v2.0/2011/05/*-ESACCI-L3C_SNOW-SCFG-MODIS_TERRA-fv2.0.nc
Read files ESA_CCI_SNOW/dap.ceda.ac.uk/neodc/esacci/snow/data/scfg/MODIS/v2.0/2011/04/*-ESACCI-L3C_SNOW-SCFG-MODIS_TERRA-fv2.0.nc
 => Concatenate files [prev, current]
Read files ESA_CCI_SNOW/dap.ceda.ac.uk/neodc/esacci/snow/data/scfg/MODIS/v2.0/2011/06/*-ESACCI-L3C_SNOW-SCFG-MODIS_TERRA-fv2.0.nc
 => Concatenate files [concat, next]
 => Doing interpolation...
Interpolated file saved to ESA_CCI_SNOW/preprocess/scfg/MODIS/v2.0/daily/2011/201105-ESACCI-L3C_SNOW-SCFG-MODIS_TERRA-fv2.0_interp.nc
--- 2195.5338530540466 seconds ---

### 2011-06 (prev: 2011-05 / next: 2011-07)
Read files ESA_CCI_SNOW/dap.ceda.ac.uk/neodc/esacci/snow/data/scfg/MODIS/v2.0/2011/06/*-ESACCI-L3C_SNOW-SCFG-MODIS_TERRA-fv2.0.nc
Read files ESA_CCI_SNOW/dap.ceda.ac.uk/neodc/esacci/snow/data/scfg/MODIS/v2.0/2011/05/*-ESACCI-L3C_SNOW-SCFG-MODIS_TERRA-fv2.0.nc
 => Concatenate files [prev, current]
Read files ESA_CCI_SNOW/dap.ceda.ac.uk/neodc/esacci/snow/data/scfg/MODIS/v2.0/2011/07/*-ESACCI-L3C_SNOW-SCFG-MODIS_TERRA-fv2.0.nc
 => Concatenate files [concat, next]
 => Doing interpolation...
Interpolated file saved to ESA_CCI_SNOW/preprocess/scfg/MODIS/v2.0/daily/2011/201106-ESACCI-L3C_SNOW-SCFG-MODIS_TERRA-fv2.0_interp.nc
--- 1986.9540903568268 seconds ---

### 2011-07 (prev: 2011-06 / next: 2011-08)
Read files ESA_CCI_SNOW/dap.ceda.ac.uk/neodc/esacci/snow/data/scfg/MODIS/v2.0/2011/07/*-ESACCI-L3C_SNOW-SCFG-MODIS_TERRA-fv2.0.nc
Read files ESA_CCI_SNOW/dap.ceda.ac.uk/neodc/esacci/snow/data/scfg/MODIS/v2.0/2011/06/*-ESACCI-L3C_SNOW-SCFG-MODIS_TERRA-fv2.0.nc
 => Concatenate files [prev, current]
Read files ESA_CCI_SNOW/dap.ceda.ac.uk/neodc/esacci/snow/data/scfg/MODIS/v2.0/2011/08/*-ESACCI-L3C_SNOW-SCFG-MODIS_TERRA-fv2.0.nc
 => Concatenate files [concat, next]
 => Doing interpolation...
Interpolated file saved to ESA_CCI_SNOW/preprocess/scfg/MODIS/v2.0/daily/2011/201107-ESACCI-L3C_SNOW-SCFG-MODIS_TERRA-fv2.0_interp.nc
--- 2002.8991677761078 seconds ---

### 2011-08 (prev: 2011-07 / next: 2011-09)
Read files ESA_CCI_SNOW/dap.ceda.ac.uk/neodc/esacci/snow/data/scfg/MODIS/v2.0/2011/08/*-ESACCI-L3C_SNOW-SCFG-MODIS_TERRA-fv2.0.nc
Read files ESA_CCI_SNOW/dap.ceda.ac.uk/neodc/esacci/snow/data/scfg/MODIS/v2.0/2011/07/*-ESACCI-L3C_SNOW-SCFG-MODIS_TERRA-fv2.0.nc
 => Concatenate files [prev, current]
Read files ESA_CCI_SNOW/dap.ceda.ac.uk/neodc/esacci/snow/data/scfg/MODIS/v2.0/2011/09/*-ESACCI-L3C_SNOW-SCFG-MODIS_TERRA-fv2.0.nc
 => Concatenate files [concat, next]
 => Doing interpolation...
Interpolated file saved to ESA_CCI_SNOW/preprocess/scfg/MODIS/v2.0/daily/2011/201108-ESACCI-L3C_SNOW-SCFG-MODIS_TERRA-fv2.0_interp.nc
--- 2017.7180473804474 seconds ---

### 2011-09 (prev: 2011-08 / next: 2011-10)
Read files ESA_CCI_SNOW/dap.ceda.ac.uk/neodc/esacci/snow/data/scfg/MODIS/v2.0/2011/09/*-ESACCI-L3C_SNOW-SCFG-MODIS_TERRA-fv2.0.nc
Read files ESA_CCI_SNOW/dap.ceda.ac.uk/neodc/esacci/snow/data/scfg/MODIS/v2.0/2011/08/*-ESACCI-L3C_SNOW-SCFG-MODIS_TERRA-fv2.0.nc
 => Concatenate files [prev, current]
Read files ESA_CCI_SNOW/dap.ceda.ac.uk/neodc/esacci/snow/data/scfg/MODIS/v2.0/2011/10/*-ESACCI-L3C_SNOW-SCFG-MODIS_TERRA-fv2.0.nc
 => Concatenate files [concat, next]
 => Doing interpolation...
Interpolated file saved to ESA_CCI_SNOW/preprocess/scfg/MODIS/v2.0/daily/2011/201109-ESACCI-L3C_SNOW-SCFG-MODIS_TERRA-fv2.0_interp.nc
--- 1990.7243285179138 seconds ---

### 2011-10 (prev: 2011-09 / next: 2011-11)
Read files ESA_CCI_SNOW/dap.ceda.ac.uk/neodc/esacci/snow/data/scfg/MODIS/v2.0/2011/10/*-ESACCI-L3C_SNOW-SCFG-MODIS_TERRA-fv2.0.nc
Read files ESA_CCI_SNOW/dap.ceda.ac.uk/neodc/esacci/snow/data/scfg/MODIS/v2.0/2011/09/*-ESACCI-L3C_SNOW-SCFG-MODIS_TERRA-fv2.0.nc
 => Concatenate files [prev, current]
Read files ESA_CCI_SNOW/dap.ceda.ac.uk/neodc/esacci/snow/data/scfg/MODIS/v2.0/2011/11/*-ESACCI-L3C_SNOW-SCFG-MODIS_TERRA-fv2.0.nc
 => Concatenate files [concat, next]
 => Doing interpolation...
Interpolated file saved to ESA_CCI_SNOW/preprocess/scfg/MODIS/v2.0/daily/2011/201110-ESACCI-L3C_SNOW-SCFG-MODIS_TERRA-fv2.0_interp.nc
--- 2064.803345680237 seconds ---

### 2011-11 (prev: 2011-10 / next: 2011-12)
Read files ESA_CCI_SNOW/dap.ceda.ac.uk/neodc/esacci/snow/data/scfg/MODIS/v2.0/2011/11/*-ESACCI-L3C_SNOW-SCFG-MODIS_TERRA-fv2.0.nc
Read files ESA_CCI_SNOW/dap.ceda.ac.uk/neodc/esacci/snow/data/scfg/MODIS/v2.0/2011/10/*-ESACCI-L3C_SNOW-SCFG-MODIS_TERRA-fv2.0.nc
 => Concatenate files [prev, current]
Read files ESA_CCI_SNOW/dap.ceda.ac.uk/neodc/esacci/snow/data/scfg/MODIS/v2.0/2011/12/*-ESACCI-L3C_SNOW-SCFG-MODIS_TERRA-fv2.0.nc
 => Concatenate files [concat, next]
 => Doing interpolation...
Interpolated file saved to ESA_CCI_SNOW/preprocess/scfg/MODIS/v2.0/daily/2011/201111-ESACCI-L3C_SNOW-SCFG-MODIS_TERRA-fv2.0_interp.nc
--- 2035.740202665329 seconds ---

### 2011-12 (prev: 2011-11 / next: 2012-01)
Read files ESA_CCI_SNOW/dap.ceda.ac.uk/neodc/esacci/snow/data/scfg/MODIS/v2.0/2011/12/*-ESACCI-L3C_SNOW-SCFG-MODIS_TERRA-fv2.0.nc
Read files ESA_CCI_SNOW/dap.ceda.ac.uk/neodc/esacci/snow/data/scfg/MODIS/v2.0/2011/11/*-ESACCI-L3C_SNOW-SCFG-MODIS_TERRA-fv2.0.nc
 => Concatenate files [prev, current]
Read files ESA_CCI_SNOW/dap.ceda.ac.uk/neodc/esacci/snow/data/scfg/MODIS/v2.0/2012/01/*-ESACCI-L3C_SNOW-SCFG-MODIS_TERRA-fv2.0.nc
 => Concatenate files [concat, next]
 => Doing interpolation...
Interpolated file saved to ESA_CCI_SNOW/preprocess/scfg/MODIS/v2.0/daily/2011/201112-ESACCI-L3C_SNOW-SCFG-MODIS_TERRA-fv2.0_interp.nc
--- 2030.7734062671661 seconds ---

### 2011
Read files /bettik/lalandmi/phd/ESA_CCI_SNOW/preprocess/scfg/MODIS/v2.0/daily/2011/*-ESACCI-L3C_SNOW-SCFG-MODIS_TERRA-fv2.0_interp.nc
 => Perform monthly resample average...
Monthly file saved to /bettik/lalandmi/phd/ESA_CCI_SNOW/preprocess/scfg/MODIS/v2.0/monthly/2011-monthly-ESACCI-L3C_SNOW-SCFG-MODIS_TERRA-fv2.0_interp.nc
--- 2090.3435888290405 seconds ---

### 2011
Read files /bettik/lalandmi/phd/ESA_CCI_SNOW/preprocess/scfg/MODIS/v2.0/monthly/2011-monthly-ESACCI-L3C_SNOW-SCFG-MODIS_TERRA-fv2.0_interp.nc
0.1
 => Coarsen dataset to 0.1deg...
Monthly file saved to /bettik/lalandmi/phd/ESA_CCI_SNOW/preprocess/scfg/MODIS/v2.0/monthly_0.1deg/2011-monthly-ESACCI-L3C_SNOW-SCFG-MODIS_TERRA-fv2.0_interp_0.1deg.nc
--- 66.04588007926941 seconds ---
0.25
 => Coarsen dataset to 0.25deg...
Monthly file saved to /bettik/lalandmi/phd/ESA_CCI_SNOW/preprocess/scfg/MODIS/v2.0/monthly_0.25deg/2011-monthly-ESACCI-L3C_SNOW-SCFG-MODIS_TERRA-fv2.0_interp_0.25deg.nc
--- 51.863043785095215 seconds ---
0.5
 => Coarsen dataset to 0.5deg...
Monthly file saved to /bettik/lalandmi/phd/ESA_CCI_SNOW/preprocess/scfg/MODIS/v2.0/monthly_0.5deg/2011-monthly-ESACCI-L3C_SNOW-SCFG-MODIS_TERRA-fv2.0_interp_0.5deg.nc
--- 46.913341999053955 seconds ---
1
 => Coarsen dataset to 1deg...
Monthly file saved to /bettik/lalandmi/phd/ESA_CCI_SNOW/preprocess/scfg/MODIS/v2.0/monthly_1deg/2011-monthly-ESACCI-L3C_SNOW-SCFG-MODIS_TERRA-fv2.0_interp_1deg.nc
--- 45.561039686203 seconds ---
