
### 2010-01 (prev: 2009-12 / next: 2010-02)
Read files ESA_CCI_SNOW/dap.ceda.ac.uk/neodc/esacci/snow/data/scfg/MODIS/v2.0/2010/01/*-ESACCI-L3C_SNOW-SCFG-MODIS_TERRA-fv2.0.nc
Read files ESA_CCI_SNOW/dap.ceda.ac.uk/neodc/esacci/snow/data/scfg/MODIS/v2.0/2009/12/*-ESACCI-L3C_SNOW-SCFG-MODIS_TERRA-fv2.0.nc
 => Concatenate files [prev, current]
Read files ESA_CCI_SNOW/dap.ceda.ac.uk/neodc/esacci/snow/data/scfg/MODIS/v2.0/2010/02/*-ESACCI-L3C_SNOW-SCFG-MODIS_TERRA-fv2.0.nc
 => Concatenate files [concat, next]
 => Doing interpolation...
Interpolated file saved to ESA_CCI_SNOW/preprocess/scfg/MODIS/v2.0/daily/2010/201001-ESACCI-L3C_SNOW-SCFG-MODIS_TERRA-fv2.0_interp.nc
--- 2316.4125666618347 seconds ---

### 2010-02 (prev: 2010-01 / next: 2010-03)
Read files ESA_CCI_SNOW/dap.ceda.ac.uk/neodc/esacci/snow/data/scfg/MODIS/v2.0/2010/02/*-ESACCI-L3C_SNOW-SCFG-MODIS_TERRA-fv2.0.nc
Read files ESA_CCI_SNOW/dap.ceda.ac.uk/neodc/esacci/snow/data/scfg/MODIS/v2.0/2010/01/*-ESACCI-L3C_SNOW-SCFG-MODIS_TERRA-fv2.0.nc
 => Concatenate files [prev, current]
Read files ESA_CCI_SNOW/dap.ceda.ac.uk/neodc/esacci/snow/data/scfg/MODIS/v2.0/2010/03/*-ESACCI-L3C_SNOW-SCFG-MODIS_TERRA-fv2.0.nc
 => Concatenate files [concat, next]
 => Doing interpolation...
Interpolated file saved to ESA_CCI_SNOW/preprocess/scfg/MODIS/v2.0/daily/2010/201002-ESACCI-L3C_SNOW-SCFG-MODIS_TERRA-fv2.0_interp.nc
--- 2472.8900232315063 seconds ---

### 2010-03 (prev: 2010-02 / next: 2010-04)
Read files ESA_CCI_SNOW/dap.ceda.ac.uk/neodc/esacci/snow/data/scfg/MODIS/v2.0/2010/03/*-ESACCI-L3C_SNOW-SCFG-MODIS_TERRA-fv2.0.nc
Read files ESA_CCI_SNOW/dap.ceda.ac.uk/neodc/esacci/snow/data/scfg/MODIS/v2.0/2010/02/*-ESACCI-L3C_SNOW-SCFG-MODIS_TERRA-fv2.0.nc
 => Concatenate files [prev, current]
Read files ESA_CCI_SNOW/dap.ceda.ac.uk/neodc/esacci/snow/data/scfg/MODIS/v2.0/2010/04/*-ESACCI-L3C_SNOW-SCFG-MODIS_TERRA-fv2.0.nc
 => Concatenate files [concat, next]
 => Doing interpolation...
Interpolated file saved to ESA_CCI_SNOW/preprocess/scfg/MODIS/v2.0/daily/2010/201003-ESACCI-L3C_SNOW-SCFG-MODIS_TERRA-fv2.0_interp.nc
--- 2183.660668373108 seconds ---

### 2010-04 (prev: 2010-03 / next: 2010-05)
Read files ESA_CCI_SNOW/dap.ceda.ac.uk/neodc/esacci/snow/data/scfg/MODIS/v2.0/2010/04/*-ESACCI-L3C_SNOW-SCFG-MODIS_TERRA-fv2.0.nc
Read files ESA_CCI_SNOW/dap.ceda.ac.uk/neodc/esacci/snow/data/scfg/MODIS/v2.0/2010/03/*-ESACCI-L3C_SNOW-SCFG-MODIS_TERRA-fv2.0.nc
 => Concatenate files [prev, current]
Read files ESA_CCI_SNOW/dap.ceda.ac.uk/neodc/esacci/snow/data/scfg/MODIS/v2.0/2010/05/*-ESACCI-L3C_SNOW-SCFG-MODIS_TERRA-fv2.0.nc
 => Concatenate files [concat, next]
 => Doing interpolation...
Interpolated file saved to ESA_CCI_SNOW/preprocess/scfg/MODIS/v2.0/daily/2010/201004-ESACCI-L3C_SNOW-SCFG-MODIS_TERRA-fv2.0_interp.nc
--- 1994.439038991928 seconds ---

### 2010-05 (prev: 2010-04 / next: 2010-06)
Read files ESA_CCI_SNOW/dap.ceda.ac.uk/neodc/esacci/snow/data/scfg/MODIS/v2.0/2010/05/*-ESACCI-L3C_SNOW-SCFG-MODIS_TERRA-fv2.0.nc
Read files ESA_CCI_SNOW/dap.ceda.ac.uk/neodc/esacci/snow/data/scfg/MODIS/v2.0/2010/04/*-ESACCI-L3C_SNOW-SCFG-MODIS_TERRA-fv2.0.nc
 => Concatenate files [prev, current]
Read files ESA_CCI_SNOW/dap.ceda.ac.uk/neodc/esacci/snow/data/scfg/MODIS/v2.0/2010/06/*-ESACCI-L3C_SNOW-SCFG-MODIS_TERRA-fv2.0.nc
 => Concatenate files [concat, next]
 => Doing interpolation...
Interpolated file saved to ESA_CCI_SNOW/preprocess/scfg/MODIS/v2.0/daily/2010/201005-ESACCI-L3C_SNOW-SCFG-MODIS_TERRA-fv2.0_interp.nc
--- 2362.014872074127 seconds ---

### 2010-06 (prev: 2010-05 / next: 2010-07)
Read files ESA_CCI_SNOW/dap.ceda.ac.uk/neodc/esacci/snow/data/scfg/MODIS/v2.0/2010/06/*-ESACCI-L3C_SNOW-SCFG-MODIS_TERRA-fv2.0.nc
Read files ESA_CCI_SNOW/dap.ceda.ac.uk/neodc/esacci/snow/data/scfg/MODIS/v2.0/2010/05/*-ESACCI-L3C_SNOW-SCFG-MODIS_TERRA-fv2.0.nc
 => Concatenate files [prev, current]
Read files ESA_CCI_SNOW/dap.ceda.ac.uk/neodc/esacci/snow/data/scfg/MODIS/v2.0/2010/07/*-ESACCI-L3C_SNOW-SCFG-MODIS_TERRA-fv2.0.nc
 => Concatenate files [concat, next]
 => Doing interpolation...
Interpolated file saved to ESA_CCI_SNOW/preprocess/scfg/MODIS/v2.0/daily/2010/201006-ESACCI-L3C_SNOW-SCFG-MODIS_TERRA-fv2.0_interp.nc
--- 1988.0173439979553 seconds ---

### 2010-07 (prev: 2010-06 / next: 2010-08)
Read files ESA_CCI_SNOW/dap.ceda.ac.uk/neodc/esacci/snow/data/scfg/MODIS/v2.0/2010/07/*-ESACCI-L3C_SNOW-SCFG-MODIS_TERRA-fv2.0.nc
Read files ESA_CCI_SNOW/dap.ceda.ac.uk/neodc/esacci/snow/data/scfg/MODIS/v2.0/2010/06/*-ESACCI-L3C_SNOW-SCFG-MODIS_TERRA-fv2.0.nc
 => Concatenate files [prev, current]
Read files ESA_CCI_SNOW/dap.ceda.ac.uk/neodc/esacci/snow/data/scfg/MODIS/v2.0/2010/08/*-ESACCI-L3C_SNOW-SCFG-MODIS_TERRA-fv2.0.nc
 => Concatenate files [concat, next]
 => Doing interpolation...
Interpolated file saved to ESA_CCI_SNOW/preprocess/scfg/MODIS/v2.0/daily/2010/201007-ESACCI-L3C_SNOW-SCFG-MODIS_TERRA-fv2.0_interp.nc
--- 2086.8034665584564 seconds ---

### 2010-08 (prev: 2010-07 / next: 2010-09)
Read files ESA_CCI_SNOW/dap.ceda.ac.uk/neodc/esacci/snow/data/scfg/MODIS/v2.0/2010/08/*-ESACCI-L3C_SNOW-SCFG-MODIS_TERRA-fv2.0.nc
Read files ESA_CCI_SNOW/dap.ceda.ac.uk/neodc/esacci/snow/data/scfg/MODIS/v2.0/2010/07/*-ESACCI-L3C_SNOW-SCFG-MODIS_TERRA-fv2.0.nc
 => Concatenate files [prev, current]
Read files ESA_CCI_SNOW/dap.ceda.ac.uk/neodc/esacci/snow/data/scfg/MODIS/v2.0/2010/09/*-ESACCI-L3C_SNOW-SCFG-MODIS_TERRA-fv2.0.nc
 => Concatenate files [concat, next]
 => Doing interpolation...
Interpolated file saved to ESA_CCI_SNOW/preprocess/scfg/MODIS/v2.0/daily/2010/201008-ESACCI-L3C_SNOW-SCFG-MODIS_TERRA-fv2.0_interp.nc
--- 2007.535638809204 seconds ---

### 2010-09 (prev: 2010-08 / next: 2010-10)
Read files ESA_CCI_SNOW/dap.ceda.ac.uk/neodc/esacci/snow/data/scfg/MODIS/v2.0/2010/09/*-ESACCI-L3C_SNOW-SCFG-MODIS_TERRA-fv2.0.nc
Read files ESA_CCI_SNOW/dap.ceda.ac.uk/neodc/esacci/snow/data/scfg/MODIS/v2.0/2010/08/*-ESACCI-L3C_SNOW-SCFG-MODIS_TERRA-fv2.0.nc
 => Concatenate files [prev, current]
Read files ESA_CCI_SNOW/dap.ceda.ac.uk/neodc/esacci/snow/data/scfg/MODIS/v2.0/2010/10/*-ESACCI-L3C_SNOW-SCFG-MODIS_TERRA-fv2.0.nc
 => Concatenate files [concat, next]
 => Doing interpolation...
Interpolated file saved to ESA_CCI_SNOW/preprocess/scfg/MODIS/v2.0/daily/2010/201009-ESACCI-L3C_SNOW-SCFG-MODIS_TERRA-fv2.0_interp.nc
--- 1965.0371298789978 seconds ---

### 2010-10 (prev: 2010-09 / next: 2010-11)
Read files ESA_CCI_SNOW/dap.ceda.ac.uk/neodc/esacci/snow/data/scfg/MODIS/v2.0/2010/10/*-ESACCI-L3C_SNOW-SCFG-MODIS_TERRA-fv2.0.nc
Read files ESA_CCI_SNOW/dap.ceda.ac.uk/neodc/esacci/snow/data/scfg/MODIS/v2.0/2010/09/*-ESACCI-L3C_SNOW-SCFG-MODIS_TERRA-fv2.0.nc
 => Concatenate files [prev, current]
Read files ESA_CCI_SNOW/dap.ceda.ac.uk/neodc/esacci/snow/data/scfg/MODIS/v2.0/2010/11/*-ESACCI-L3C_SNOW-SCFG-MODIS_TERRA-fv2.0.nc
 => Concatenate files [concat, next]
 => Doing interpolation...
Interpolated file saved to ESA_CCI_SNOW/preprocess/scfg/MODIS/v2.0/daily/2010/201010-ESACCI-L3C_SNOW-SCFG-MODIS_TERRA-fv2.0_interp.nc
--- 2046.5422217845917 seconds ---

### 2010-11 (prev: 2010-10 / next: 2010-12)
Read files ESA_CCI_SNOW/dap.ceda.ac.uk/neodc/esacci/snow/data/scfg/MODIS/v2.0/2010/11/*-ESACCI-L3C_SNOW-SCFG-MODIS_TERRA-fv2.0.nc
Read files ESA_CCI_SNOW/dap.ceda.ac.uk/neodc/esacci/snow/data/scfg/MODIS/v2.0/2010/10/*-ESACCI-L3C_SNOW-SCFG-MODIS_TERRA-fv2.0.nc
 => Concatenate files [prev, current]
Read files ESA_CCI_SNOW/dap.ceda.ac.uk/neodc/esacci/snow/data/scfg/MODIS/v2.0/2010/12/*-ESACCI-L3C_SNOW-SCFG-MODIS_TERRA-fv2.0.nc
 => Concatenate files [concat, next]
 => Doing interpolation...
