
### 2000-01 (prev: 1999-12 / next: 2000-02)
No file to open in: ESA_CCI_SNOW/dap.ceda.ac.uk/neodc/esacci/snow/data/scfg/MODIS/v2.0/2000/01

### 2000-02 (prev: 2000-01 / next: 2000-03)
Read files ESA_CCI_SNOW/dap.ceda.ac.uk/neodc/esacci/snow/data/scfg/MODIS/v2.0/2000/02/*-ESACCI-L3C_SNOW-SCFG-MODIS_TERRA-fv2.0.nc
No file to open in: ESA_CCI_SNOW/dap.ceda.ac.uk/neodc/esacci/snow/data/scfg/MODIS/v2.0/2000/01
Read files ESA_CCI_SNOW/dap.ceda.ac.uk/neodc/esacci/snow/data/scfg/MODIS/v2.0/2000/03/*-ESACCI-L3C_SNOW-SCFG-MODIS_TERRA-fv2.0.nc
 => Concatenate files [current, next]
 => Doing interpolation...
Interpolated file saved to ESA_CCI_SNOW/preprocess/scfg/MODIS/v2.0/daily/2000/200002-ESACCI-L3C_SNOW-SCFG-MODIS_TERRA-fv2.0_interp.nc
--- 2102.12330698967 seconds ---

### 2000-03 (prev: 2000-02 / next: 2000-04)
Read files ESA_CCI_SNOW/dap.ceda.ac.uk/neodc/esacci/snow/data/scfg/MODIS/v2.0/2000/03/*-ESACCI-L3C_SNOW-SCFG-MODIS_TERRA-fv2.0.nc
Read files ESA_CCI_SNOW/dap.ceda.ac.uk/neodc/esacci/snow/data/scfg/MODIS/v2.0/2000/02/*-ESACCI-L3C_SNOW-SCFG-MODIS_TERRA-fv2.0.nc
 => Concatenate files [prev, current]
Read files ESA_CCI_SNOW/dap.ceda.ac.uk/neodc/esacci/snow/data/scfg/MODIS/v2.0/2000/04/*-ESACCI-L3C_SNOW-SCFG-MODIS_TERRA-fv2.0.nc
 => Concatenate files [concat, next]
 => Doing interpolation...
Interpolated file saved to ESA_CCI_SNOW/preprocess/scfg/MODIS/v2.0/daily/2000/200003-ESACCI-L3C_SNOW-SCFG-MODIS_TERRA-fv2.0_interp.nc
--- 2431.177917957306 seconds ---

### 2000-04 (prev: 2000-03 / next: 2000-05)
Read files ESA_CCI_SNOW/dap.ceda.ac.uk/neodc/esacci/snow/data/scfg/MODIS/v2.0/2000/04/*-ESACCI-L3C_SNOW-SCFG-MODIS_TERRA-fv2.0.nc
Read files ESA_CCI_SNOW/dap.ceda.ac.uk/neodc/esacci/snow/data/scfg/MODIS/v2.0/2000/03/*-ESACCI-L3C_SNOW-SCFG-MODIS_TERRA-fv2.0.nc
 => Concatenate files [prev, current]
Read files ESA_CCI_SNOW/dap.ceda.ac.uk/neodc/esacci/snow/data/scfg/MODIS/v2.0/2000/05/*-ESACCI-L3C_SNOW-SCFG-MODIS_TERRA-fv2.0.nc
 => Concatenate files [concat, next]
 => Doing interpolation...
Interpolated file saved to ESA_CCI_SNOW/preprocess/scfg/MODIS/v2.0/daily/2000/200004-ESACCI-L3C_SNOW-SCFG-MODIS_TERRA-fv2.0_interp.nc
--- 2264.7166044712067 seconds ---

### 2000-05 (prev: 2000-04 / next: 2000-06)
Read files ESA_CCI_SNOW/dap.ceda.ac.uk/neodc/esacci/snow/data/scfg/MODIS/v2.0/2000/05/*-ESACCI-L3C_SNOW-SCFG-MODIS_TERRA-fv2.0.nc
Read files ESA_CCI_SNOW/dap.ceda.ac.uk/neodc/esacci/snow/data/scfg/MODIS/v2.0/2000/04/*-ESACCI-L3C_SNOW-SCFG-MODIS_TERRA-fv2.0.nc
 => Concatenate files [prev, current]
Read files ESA_CCI_SNOW/dap.ceda.ac.uk/neodc/esacci/snow/data/scfg/MODIS/v2.0/2000/06/*-ESACCI-L3C_SNOW-SCFG-MODIS_TERRA-fv2.0.nc
 => Concatenate files [concat, next]
 => Doing interpolation...
Interpolated file saved to ESA_CCI_SNOW/preprocess/scfg/MODIS/v2.0/daily/2000/200005-ESACCI-L3C_SNOW-SCFG-MODIS_TERRA-fv2.0_interp.nc
--- 2470.660748720169 seconds ---

### 2000-06 (prev: 2000-05 / next: 2000-07)
Read files ESA_CCI_SNOW/dap.ceda.ac.uk/neodc/esacci/snow/data/scfg/MODIS/v2.0/2000/06/*-ESACCI-L3C_SNOW-SCFG-MODIS_TERRA-fv2.0.nc
Read files ESA_CCI_SNOW/dap.ceda.ac.uk/neodc/esacci/snow/data/scfg/MODIS/v2.0/2000/05/*-ESACCI-L3C_SNOW-SCFG-MODIS_TERRA-fv2.0.nc
 => Concatenate files [prev, current]
Read files ESA_CCI_SNOW/dap.ceda.ac.uk/neodc/esacci/snow/data/scfg/MODIS/v2.0/2000/07/*-ESACCI-L3C_SNOW-SCFG-MODIS_TERRA-fv2.0.nc
 => Concatenate files [concat, next]
 => Doing interpolation...
Interpolated file saved to ESA_CCI_SNOW/preprocess/scfg/MODIS/v2.0/daily/2000/200006-ESACCI-L3C_SNOW-SCFG-MODIS_TERRA-fv2.0_interp.nc
--- 2492.338155269623 seconds ---

### 2000-07 (prev: 2000-06 / next: 2000-08)
Read files ESA_CCI_SNOW/dap.ceda.ac.uk/neodc/esacci/snow/data/scfg/MODIS/v2.0/2000/07/*-ESACCI-L3C_SNOW-SCFG-MODIS_TERRA-fv2.0.nc
Read files ESA_CCI_SNOW/dap.ceda.ac.uk/neodc/esacci/snow/data/scfg/MODIS/v2.0/2000/06/*-ESACCI-L3C_SNOW-SCFG-MODIS_TERRA-fv2.0.nc
 => Concatenate files [prev, current]
Read files ESA_CCI_SNOW/dap.ceda.ac.uk/neodc/esacci/snow/data/scfg/MODIS/v2.0/2000/08/*-ESACCI-L3C_SNOW-SCFG-MODIS_TERRA-fv2.0.nc
 => Concatenate files [concat, next]
 => Doing interpolation...
Interpolated file saved to ESA_CCI_SNOW/preprocess/scfg/MODIS/v2.0/daily/2000/200007-ESACCI-L3C_SNOW-SCFG-MODIS_TERRA-fv2.0_interp.nc
--- 2207.3775148391724 seconds ---

### 2000-08 (prev: 2000-07 / next: 2000-09)
Read files ESA_CCI_SNOW/dap.ceda.ac.uk/neodc/esacci/snow/data/scfg/MODIS/v2.0/2000/08/*-ESACCI-L3C_SNOW-SCFG-MODIS_TERRA-fv2.0.nc
Read files ESA_CCI_SNOW/dap.ceda.ac.uk/neodc/esacci/snow/data/scfg/MODIS/v2.0/2000/07/*-ESACCI-L3C_SNOW-SCFG-MODIS_TERRA-fv2.0.nc
 => Concatenate files [prev, current]
Read files ESA_CCI_SNOW/dap.ceda.ac.uk/neodc/esacci/snow/data/scfg/MODIS/v2.0/2000/09/*-ESACCI-L3C_SNOW-SCFG-MODIS_TERRA-fv2.0.nc
 => Concatenate files [concat, next]
 => Doing interpolation...
Interpolated file saved to ESA_CCI_SNOW/preprocess/scfg/MODIS/v2.0/daily/2000/200008-ESACCI-L3C_SNOW-SCFG-MODIS_TERRA-fv2.0_interp.nc
--- 2411.172999858856 seconds ---

### 2000-09 (prev: 2000-08 / next: 2000-10)
Read files ESA_CCI_SNOW/dap.ceda.ac.uk/neodc/esacci/snow/data/scfg/MODIS/v2.0/2000/09/*-ESACCI-L3C_SNOW-SCFG-MODIS_TERRA-fv2.0.nc
Read files ESA_CCI_SNOW/dap.ceda.ac.uk/neodc/esacci/snow/data/scfg/MODIS/v2.0/2000/08/*-ESACCI-L3C_SNOW-SCFG-MODIS_TERRA-fv2.0.nc
 => Concatenate files [prev, current]
Read files ESA_CCI_SNOW/dap.ceda.ac.uk/neodc/esacci/snow/data/scfg/MODIS/v2.0/2000/10/*-ESACCI-L3C_SNOW-SCFG-MODIS_TERRA-fv2.0.nc
 => Concatenate files [concat, next]
 => Doing interpolation...
Interpolated file saved to ESA_CCI_SNOW/preprocess/scfg/MODIS/v2.0/daily/2000/200009-ESACCI-L3C_SNOW-SCFG-MODIS_TERRA-fv2.0_interp.nc
--- 2024.7666761875153 seconds ---

### 2000-10 (prev: 2000-09 / next: 2000-11)
Read files ESA_CCI_SNOW/dap.ceda.ac.uk/neodc/esacci/snow/data/scfg/MODIS/v2.0/2000/10/*-ESACCI-L3C_SNOW-SCFG-MODIS_TERRA-fv2.0.nc
Read files ESA_CCI_SNOW/dap.ceda.ac.uk/neodc/esacci/snow/data/scfg/MODIS/v2.0/2000/09/*-ESACCI-L3C_SNOW-SCFG-MODIS_TERRA-fv2.0.nc
 => Concatenate files [prev, current]
Read files ESA_CCI_SNOW/dap.ceda.ac.uk/neodc/esacci/snow/data/scfg/MODIS/v2.0/2000/11/*-ESACCI-L3C_SNOW-SCFG-MODIS_TERRA-fv2.0.nc
 => Concatenate files [concat, next]
 => Doing interpolation...
Interpolated file saved to ESA_CCI_SNOW/preprocess/scfg/MODIS/v2.0/daily/2000/200010-ESACCI-L3C_SNOW-SCFG-MODIS_TERRA-fv2.0_interp.nc
--- 2079.840935230255 seconds ---

### 2000-11 (prev: 2000-10 / next: 2000-12)
Read files ESA_CCI_SNOW/dap.ceda.ac.uk/neodc/esacci/snow/data/scfg/MODIS/v2.0/2000/11/*-ESACCI-L3C_SNOW-SCFG-MODIS_TERRA-fv2.0.nc
Read files ESA_CCI_SNOW/dap.ceda.ac.uk/neodc/esacci/snow/data/scfg/MODIS/v2.0/2000/10/*-ESACCI-L3C_SNOW-SCFG-MODIS_TERRA-fv2.0.nc
 => Concatenate files [prev, current]
Read files ESA_CCI_SNOW/dap.ceda.ac.uk/neodc/esacci/snow/data/scfg/MODIS/v2.0/2000/12/*-ESACCI-L3C_SNOW-SCFG-MODIS_TERRA-fv2.0.nc
 => Concatenate files [concat, next]
 => Doing interpolation...
Interpolated file saved to ESA_CCI_SNOW/preprocess/scfg/MODIS/v2.0/daily/2000/200011-ESACCI-L3C_SNOW-SCFG-MODIS_TERRA-fv2.0_interp.nc
--- 1994.1775436401367 seconds ---

### 2000-12 (prev: 2000-11 / next: 2001-01)
Read files ESA_CCI_SNOW/dap.ceda.ac.uk/neodc/esacci/snow/data/scfg/MODIS/v2.0/2000/12/*-ESACCI-L3C_SNOW-SCFG-MODIS_TERRA-fv2.0.nc
Read files ESA_CCI_SNOW/dap.ceda.ac.uk/neodc/esacci/snow/data/scfg/MODIS/v2.0/2000/11/*-ESACCI-L3C_SNOW-SCFG-MODIS_TERRA-fv2.0.nc
 => Concatenate files [prev, current]
Read files ESA_CCI_SNOW/dap.ceda.ac.uk/neodc/esacci/snow/data/scfg/MODIS/v2.0/2001/01/*-ESACCI-L3C_SNOW-SCFG-MODIS_TERRA-fv2.0.nc
 => Concatenate files [concat, next]
 => Doing interpolation...
Interpolated file saved to ESA_CCI_SNOW/preprocess/scfg/MODIS/v2.0/daily/2000/200012-ESACCI-L3C_SNOW-SCFG-MODIS_TERRA-fv2.0_interp.nc
--- 2045.5934100151062 seconds ---

### 2000
Read files /bettik/lalandmi/phd/ESA_CCI_SNOW/preprocess/scfg/MODIS/v2.0/daily/2000/*-ESACCI-L3C_SNOW-SCFG-MODIS_TERRA-fv2.0_interp.nc
 => Perform monthly resample average...
Monthly file saved to /bettik/lalandmi/phd/ESA_CCI_SNOW/preprocess/scfg/MODIS/v2.0/monthly/2000-monthly-ESACCI-L3C_SNOW-SCFG-MODIS_TERRA-fv2.0_interp.nc
--- 1770.5480251312256 seconds ---

### 2000
Read files /bettik/lalandmi/phd/ESA_CCI_SNOW/preprocess/scfg/MODIS/v2.0/monthly/2000-monthly-ESACCI-L3C_SNOW-SCFG-MODIS_TERRA-fv2.0_interp.nc
0.1
 => Coarsen dataset to 0.1deg...
Monthly file saved to /bettik/lalandmi/phd/ESA_CCI_SNOW/preprocess/scfg/MODIS/v2.0/monthly_0.1deg/2000-monthly-ESACCI-L3C_SNOW-SCFG-MODIS_TERRA-fv2.0_interp_0.1deg.nc
--- 61.99203014373779 seconds ---
0.25
 => Coarsen dataset to 0.25deg...
Monthly file saved to /bettik/lalandmi/phd/ESA_CCI_SNOW/preprocess/scfg/MODIS/v2.0/monthly_0.25deg/2000-monthly-ESACCI-L3C_SNOW-SCFG-MODIS_TERRA-fv2.0_interp_0.25deg.nc
--- 49.32085466384888 seconds ---
0.5
 => Coarsen dataset to 0.5deg...
Monthly file saved to /bettik/lalandmi/phd/ESA_CCI_SNOW/preprocess/scfg/MODIS/v2.0/monthly_0.5deg/2000-monthly-ESACCI-L3C_SNOW-SCFG-MODIS_TERRA-fv2.0_interp_0.5deg.nc
--- 46.51872420310974 seconds ---
1
 => Coarsen dataset to 1deg...
Monthly file saved to /bettik/lalandmi/phd/ESA_CCI_SNOW/preprocess/scfg/MODIS/v2.0/monthly_1deg/2000-monthly-ESACCI-L3C_SNOW-SCFG-MODIS_TERRA-fv2.0_interp_1deg.nc
--- 41.85990834236145 seconds ---
