
### 2005-01 (prev: 2004-12 / next: 2005-02)
Read files ESA_CCI_SNOW/dap.ceda.ac.uk/neodc/esacci/snow/data/scfg/MODIS/v2.0/2005/01/*-ESACCI-L3C_SNOW-SCFG-MODIS_TERRA-fv2.0.nc
Read files ESA_CCI_SNOW/dap.ceda.ac.uk/neodc/esacci/snow/data/scfg/MODIS/v2.0/2004/12/*-ESACCI-L3C_SNOW-SCFG-MODIS_TERRA-fv2.0.nc
 => Concatenate files [prev, current]
Read files ESA_CCI_SNOW/dap.ceda.ac.uk/neodc/esacci/snow/data/scfg/MODIS/v2.0/2005/02/*-ESACCI-L3C_SNOW-SCFG-MODIS_TERRA-fv2.0.nc
 => Concatenate files [concat, next]
 => Doing interpolation...
Interpolated file saved to ESA_CCI_SNOW/preprocess/scfg/MODIS/v2.0/daily/2005/200501-ESACCI-L3C_SNOW-SCFG-MODIS_TERRA-fv2.0_interp.nc
--- 2030.147319316864 seconds ---

### 2005-02 (prev: 2005-01 / next: 2005-03)
Read files ESA_CCI_SNOW/dap.ceda.ac.uk/neodc/esacci/snow/data/scfg/MODIS/v2.0/2005/02/*-ESACCI-L3C_SNOW-SCFG-MODIS_TERRA-fv2.0.nc
Read files ESA_CCI_SNOW/dap.ceda.ac.uk/neodc/esacci/snow/data/scfg/MODIS/v2.0/2005/01/*-ESACCI-L3C_SNOW-SCFG-MODIS_TERRA-fv2.0.nc
 => Concatenate files [prev, current]
Read files ESA_CCI_SNOW/dap.ceda.ac.uk/neodc/esacci/snow/data/scfg/MODIS/v2.0/2005/03/*-ESACCI-L3C_SNOW-SCFG-MODIS_TERRA-fv2.0.nc
 => Concatenate files [concat, next]
 => Doing interpolation...
Interpolated file saved to ESA_CCI_SNOW/preprocess/scfg/MODIS/v2.0/daily/2005/200502-ESACCI-L3C_SNOW-SCFG-MODIS_TERRA-fv2.0_interp.nc
--- 1950.8024566173553 seconds ---

### 2005-03 (prev: 2005-02 / next: 2005-04)
Read files ESA_CCI_SNOW/dap.ceda.ac.uk/neodc/esacci/snow/data/scfg/MODIS/v2.0/2005/03/*-ESACCI-L3C_SNOW-SCFG-MODIS_TERRA-fv2.0.nc
Read files ESA_CCI_SNOW/dap.ceda.ac.uk/neodc/esacci/snow/data/scfg/MODIS/v2.0/2005/02/*-ESACCI-L3C_SNOW-SCFG-MODIS_TERRA-fv2.0.nc
 => Concatenate files [prev, current]
Read files ESA_CCI_SNOW/dap.ceda.ac.uk/neodc/esacci/snow/data/scfg/MODIS/v2.0/2005/04/*-ESACCI-L3C_SNOW-SCFG-MODIS_TERRA-fv2.0.nc
 => Concatenate files [concat, next]
 => Doing interpolation...
Interpolated file saved to ESA_CCI_SNOW/preprocess/scfg/MODIS/v2.0/daily/2005/200503-ESACCI-L3C_SNOW-SCFG-MODIS_TERRA-fv2.0_interp.nc
--- 2056.038632631302 seconds ---

### 2005-04 (prev: 2005-03 / next: 2005-05)
Read files ESA_CCI_SNOW/dap.ceda.ac.uk/neodc/esacci/snow/data/scfg/MODIS/v2.0/2005/04/*-ESACCI-L3C_SNOW-SCFG-MODIS_TERRA-fv2.0.nc
Read files ESA_CCI_SNOW/dap.ceda.ac.uk/neodc/esacci/snow/data/scfg/MODIS/v2.0/2005/03/*-ESACCI-L3C_SNOW-SCFG-MODIS_TERRA-fv2.0.nc
 => Concatenate files [prev, current]
Read files ESA_CCI_SNOW/dap.ceda.ac.uk/neodc/esacci/snow/data/scfg/MODIS/v2.0/2005/05/*-ESACCI-L3C_SNOW-SCFG-MODIS_TERRA-fv2.0.nc
 => Concatenate files [concat, next]
 => Doing interpolation...
Interpolated file saved to ESA_CCI_SNOW/preprocess/scfg/MODIS/v2.0/daily/2005/200504-ESACCI-L3C_SNOW-SCFG-MODIS_TERRA-fv2.0_interp.nc
--- 2053.7931578159332 seconds ---

### 2005-05 (prev: 2005-04 / next: 2005-06)
Read files ESA_CCI_SNOW/dap.ceda.ac.uk/neodc/esacci/snow/data/scfg/MODIS/v2.0/2005/05/*-ESACCI-L3C_SNOW-SCFG-MODIS_TERRA-fv2.0.nc
Read files ESA_CCI_SNOW/dap.ceda.ac.uk/neodc/esacci/snow/data/scfg/MODIS/v2.0/2005/04/*-ESACCI-L3C_SNOW-SCFG-MODIS_TERRA-fv2.0.nc
 => Concatenate files [prev, current]
Read files ESA_CCI_SNOW/dap.ceda.ac.uk/neodc/esacci/snow/data/scfg/MODIS/v2.0/2005/06/*-ESACCI-L3C_SNOW-SCFG-MODIS_TERRA-fv2.0.nc
 => Concatenate files [concat, next]
 => Doing interpolation...
Interpolated file saved to ESA_CCI_SNOW/preprocess/scfg/MODIS/v2.0/daily/2005/200505-ESACCI-L3C_SNOW-SCFG-MODIS_TERRA-fv2.0_interp.nc
--- 2333.406107902527 seconds ---

### 2005-06 (prev: 2005-05 / next: 2005-07)
Read files ESA_CCI_SNOW/dap.ceda.ac.uk/neodc/esacci/snow/data/scfg/MODIS/v2.0/2005/06/*-ESACCI-L3C_SNOW-SCFG-MODIS_TERRA-fv2.0.nc
Read files ESA_CCI_SNOW/dap.ceda.ac.uk/neodc/esacci/snow/data/scfg/MODIS/v2.0/2005/05/*-ESACCI-L3C_SNOW-SCFG-MODIS_TERRA-fv2.0.nc
 => Concatenate files [prev, current]
Read files ESA_CCI_SNOW/dap.ceda.ac.uk/neodc/esacci/snow/data/scfg/MODIS/v2.0/2005/07/*-ESACCI-L3C_SNOW-SCFG-MODIS_TERRA-fv2.0.nc
 => Concatenate files [concat, next]
 => Doing interpolation...
Interpolated file saved to ESA_CCI_SNOW/preprocess/scfg/MODIS/v2.0/daily/2005/200506-ESACCI-L3C_SNOW-SCFG-MODIS_TERRA-fv2.0_interp.nc
--- 2018.5645415782928 seconds ---

### 2005-07 (prev: 2005-06 / next: 2005-08)
Read files ESA_CCI_SNOW/dap.ceda.ac.uk/neodc/esacci/snow/data/scfg/MODIS/v2.0/2005/07/*-ESACCI-L3C_SNOW-SCFG-MODIS_TERRA-fv2.0.nc
Read files ESA_CCI_SNOW/dap.ceda.ac.uk/neodc/esacci/snow/data/scfg/MODIS/v2.0/2005/06/*-ESACCI-L3C_SNOW-SCFG-MODIS_TERRA-fv2.0.nc
 => Concatenate files [prev, current]
Read files ESA_CCI_SNOW/dap.ceda.ac.uk/neodc/esacci/snow/data/scfg/MODIS/v2.0/2005/08/*-ESACCI-L3C_SNOW-SCFG-MODIS_TERRA-fv2.0.nc
 => Concatenate files [concat, next]
 => Doing interpolation...
Interpolated file saved to ESA_CCI_SNOW/preprocess/scfg/MODIS/v2.0/daily/2005/200507-ESACCI-L3C_SNOW-SCFG-MODIS_TERRA-fv2.0_interp.nc
--- 2020.365225315094 seconds ---

### 2005-08 (prev: 2005-07 / next: 2005-09)
Read files ESA_CCI_SNOW/dap.ceda.ac.uk/neodc/esacci/snow/data/scfg/MODIS/v2.0/2005/08/*-ESACCI-L3C_SNOW-SCFG-MODIS_TERRA-fv2.0.nc
Read files ESA_CCI_SNOW/dap.ceda.ac.uk/neodc/esacci/snow/data/scfg/MODIS/v2.0/2005/07/*-ESACCI-L3C_SNOW-SCFG-MODIS_TERRA-fv2.0.nc
 => Concatenate files [prev, current]
Read files ESA_CCI_SNOW/dap.ceda.ac.uk/neodc/esacci/snow/data/scfg/MODIS/v2.0/2005/09/*-ESACCI-L3C_SNOW-SCFG-MODIS_TERRA-fv2.0.nc
 => Concatenate files [concat, next]
 => Doing interpolation...
Interpolated file saved to ESA_CCI_SNOW/preprocess/scfg/MODIS/v2.0/daily/2005/200508-ESACCI-L3C_SNOW-SCFG-MODIS_TERRA-fv2.0_interp.nc
--- 1997.4078278541565 seconds ---

### 2005-09 (prev: 2005-08 / next: 2005-10)
Read files ESA_CCI_SNOW/dap.ceda.ac.uk/neodc/esacci/snow/data/scfg/MODIS/v2.0/2005/09/*-ESACCI-L3C_SNOW-SCFG-MODIS_TERRA-fv2.0.nc
Read files ESA_CCI_SNOW/dap.ceda.ac.uk/neodc/esacci/snow/data/scfg/MODIS/v2.0/2005/08/*-ESACCI-L3C_SNOW-SCFG-MODIS_TERRA-fv2.0.nc
 => Concatenate files [prev, current]
Read files ESA_CCI_SNOW/dap.ceda.ac.uk/neodc/esacci/snow/data/scfg/MODIS/v2.0/2005/10/*-ESACCI-L3C_SNOW-SCFG-MODIS_TERRA-fv2.0.nc
 => Concatenate files [concat, next]
 => Doing interpolation...
Interpolated file saved to ESA_CCI_SNOW/preprocess/scfg/MODIS/v2.0/daily/2005/200509-ESACCI-L3C_SNOW-SCFG-MODIS_TERRA-fv2.0_interp.nc
--- 2010.3790516853333 seconds ---

### 2005-10 (prev: 2005-09 / next: 2005-11)
Read files ESA_CCI_SNOW/dap.ceda.ac.uk/neodc/esacci/snow/data/scfg/MODIS/v2.0/2005/10/*-ESACCI-L3C_SNOW-SCFG-MODIS_TERRA-fv2.0.nc
Read files ESA_CCI_SNOW/dap.ceda.ac.uk/neodc/esacci/snow/data/scfg/MODIS/v2.0/2005/09/*-ESACCI-L3C_SNOW-SCFG-MODIS_TERRA-fv2.0.nc
 => Concatenate files [prev, current]
Read files ESA_CCI_SNOW/dap.ceda.ac.uk/neodc/esacci/snow/data/scfg/MODIS/v2.0/2005/11/*-ESACCI-L3C_SNOW-SCFG-MODIS_TERRA-fv2.0.nc
 => Concatenate files [concat, next]
 => Doing interpolation...
Interpolated file saved to ESA_CCI_SNOW/preprocess/scfg/MODIS/v2.0/daily/2005/200510-ESACCI-L3C_SNOW-SCFG-MODIS_TERRA-fv2.0_interp.nc
--- 2072.316351413727 seconds ---

### 2005-11 (prev: 2005-10 / next: 2005-12)
Read files ESA_CCI_SNOW/dap.ceda.ac.uk/neodc/esacci/snow/data/scfg/MODIS/v2.0/2005/11/*-ESACCI-L3C_SNOW-SCFG-MODIS_TERRA-fv2.0.nc
Read files ESA_CCI_SNOW/dap.ceda.ac.uk/neodc/esacci/snow/data/scfg/MODIS/v2.0/2005/10/*-ESACCI-L3C_SNOW-SCFG-MODIS_TERRA-fv2.0.nc
 => Concatenate files [prev, current]
Read files ESA_CCI_SNOW/dap.ceda.ac.uk/neodc/esacci/snow/data/scfg/MODIS/v2.0/2005/12/*-ESACCI-L3C_SNOW-SCFG-MODIS_TERRA-fv2.0.nc
 => Concatenate files [concat, next]
 => Doing interpolation...
Interpolated file saved to ESA_CCI_SNOW/preprocess/scfg/MODIS/v2.0/daily/2005/200511-ESACCI-L3C_SNOW-SCFG-MODIS_TERRA-fv2.0_interp.nc
--- 2035.3162622451782 seconds ---

### 2005-12 (prev: 2005-11 / next: 2006-01)
Read files ESA_CCI_SNOW/dap.ceda.ac.uk/neodc/esacci/snow/data/scfg/MODIS/v2.0/2005/12/*-ESACCI-L3C_SNOW-SCFG-MODIS_TERRA-fv2.0.nc
Read files ESA_CCI_SNOW/dap.ceda.ac.uk/neodc/esacci/snow/data/scfg/MODIS/v2.0/2005/11/*-ESACCI-L3C_SNOW-SCFG-MODIS_TERRA-fv2.0.nc
 => Concatenate files [prev, current]
Read files ESA_CCI_SNOW/dap.ceda.ac.uk/neodc/esacci/snow/data/scfg/MODIS/v2.0/2006/01/*-ESACCI-L3C_SNOW-SCFG-MODIS_TERRA-fv2.0.nc
 => Concatenate files [concat, next]
 => Doing interpolation...
Interpolated file saved to ESA_CCI_SNOW/preprocess/scfg/MODIS/v2.0/daily/2005/200512-ESACCI-L3C_SNOW-SCFG-MODIS_TERRA-fv2.0_interp.nc
--- 2019.5456120967865 seconds ---

### 2005
Read files /bettik/lalandmi/phd/ESA_CCI_SNOW/preprocess/scfg/MODIS/v2.0/daily/2005/*-ESACCI-L3C_SNOW-SCFG-MODIS_TERRA-fv2.0_interp.nc
 => Perform monthly resample average...
Monthly file saved to /bettik/lalandmi/phd/ESA_CCI_SNOW/preprocess/scfg/MODIS/v2.0/monthly/2005-monthly-ESACCI-L3C_SNOW-SCFG-MODIS_TERRA-fv2.0_interp.nc
--- 2110.4000494480133 seconds ---

### 2005
Read files /bettik/lalandmi/phd/ESA_CCI_SNOW/preprocess/scfg/MODIS/v2.0/monthly/2005-monthly-ESACCI-L3C_SNOW-SCFG-MODIS_TERRA-fv2.0_interp.nc
0.1
 => Coarsen dataset to 0.1deg...
Monthly file saved to /bettik/lalandmi/phd/ESA_CCI_SNOW/preprocess/scfg/MODIS/v2.0/monthly_0.1deg/2005-monthly-ESACCI-L3C_SNOW-SCFG-MODIS_TERRA-fv2.0_interp_0.1deg.nc
--- 71.29285407066345 seconds ---
0.25
 => Coarsen dataset to 0.25deg...
Monthly file saved to /bettik/lalandmi/phd/ESA_CCI_SNOW/preprocess/scfg/MODIS/v2.0/monthly_0.25deg/2005-monthly-ESACCI-L3C_SNOW-SCFG-MODIS_TERRA-fv2.0_interp_0.25deg.nc
--- 50.3949990272522 seconds ---
0.5
 => Coarsen dataset to 0.5deg...
Monthly file saved to /bettik/lalandmi/phd/ESA_CCI_SNOW/preprocess/scfg/MODIS/v2.0/monthly_0.5deg/2005-monthly-ESACCI-L3C_SNOW-SCFG-MODIS_TERRA-fv2.0_interp_0.5deg.nc
--- 45.088550329208374 seconds ---
1
 => Coarsen dataset to 1deg...
Monthly file saved to /bettik/lalandmi/phd/ESA_CCI_SNOW/preprocess/scfg/MODIS/v2.0/monthly_1deg/2005-monthly-ESACCI-L3C_SNOW-SCFG-MODIS_TERRA-fv2.0_interp_1deg.nc
--- 45.164284467697144 seconds ---
